<?xml version="1.0" encoding="UTF-8"?>
<!-- Generated by org.testng.reporters.JUnitReportReporter -->
<testsuite skipped="0" hostname="DESKTOP-VDH35U1" name="AppiumEmulator.AndroidEmulator" tests="1" failures="0" timestamp="2021-11-16T23:29:50 GST" time="32.876" errors="0">
  <testcase name="setUp" time="32.876" classname="AppiumEmulator.AndroidEmulator"/>
  <system-out/>
</testsuite> <!-- AppiumEmulator.AndroidEmulator -->
