<?xml version="1.0" encoding="UTF-8"?>
<!-- Generated by org.testng.reporters.JUnitReportReporter -->
<testsuite skipped="0" hostname="DESKTOP-VDH35U1" name="DemoImage.DemoImage" tests="1" failures="0" timestamp="2022-01-08T23:26:48 GST" time="18.959" errors="0">
  <testcase name="test1" time="18.959" classname="DemoImage.DemoImage"/>
  <system-out/>
</testsuite> <!-- DemoImage.DemoImage -->
