<?xml version="1.0" encoding="UTF-8"?>
<!-- Generated by org.testng.reporters.JUnitReportReporter -->
<testsuite skipped="0" hostname="DESKTOP-VDH35U1" name="AppiumEmulator.AndroidNativeAppBase" tests="1" failures="0" timestamp="2021-11-18T20:14:26 GST" time="0.009" errors="1">
  <testcase name="test" time="0.009" classname="AppiumEmulator.AndroidNativeAppBase">
    <error type="java.lang.Error" message="Unresolved compilation problems: 
	The method findElementById(String) is undefined for the type WebDriver
	The method getContext() is undefined for the type WebDriver
	The method findElementById(String) is undefined for the type WebDriver
	The method findElementById(String) is undefined for the type WebDriver
	The method findElementById(String) is undefined for the type WebDriver
	The method findElementById(String) is undefined for the type WebDriver
	The method getContext() is undefined for the type WebDriver
	The method findElementById(String) is undefined for the type WebDriver
	System cannot be resolved or is not a field
">
      <![CDATA[java.lang.Error: Unresolved compilation problems: 
The method findElementById(String) is undefined for the type WebDriver
The method getContext() is undefined for the type WebDriver
The method findElementById(String) is undefined for the type WebDriver
The method findElementById(String) is undefined for the type WebDriver
The method findElementById(String) is undefined for the type WebDriver
The method findElementById(String) is undefined for the type WebDriver
The method getContext() is undefined for the type WebDriver
The method findElementById(String) is undefined for the type WebDriver
System cannot be resolved or is not a field

at AppiumEmulator.AndroidNativeAppBase.test(AndroidNativeAppBase.java:54)
at sun.reflect.NativeMethodAccessorImpl.invoke0(Native Method)
at sun.reflect.NativeMethodAccessorImpl.invoke(NativeMethodAccessorImpl.java:62)
at sun.reflect.DelegatingMethodAccessorImpl.invoke(DelegatingMethodAccessorImpl.java:43)
at java.lang.reflect.Method.invoke(Method.java:498)
at org.testng.internal.MethodInvocationHelper.invokeMethod(MethodInvocationHelper.java:132)
at org.testng.internal.TestInvoker.invokeMethod(TestInvoker.java:599)
at org.testng.internal.TestInvoker.invokeTestMethod(TestInvoker.java:174)
at org.testng.internal.MethodRunner.runInSequence(MethodRunner.java:46)
at org.testng.internal.TestInvoker$MethodInvocationAgent.invoke(TestInvoker.java:822)
at org.testng.internal.TestInvoker.invokeTestMethods(TestInvoker.java:147)
at org.testng.internal.TestMethodWorker.invokeTestMethods(TestMethodWorker.java:146)
at org.testng.internal.TestMethodWorker.run(TestMethodWorker.java:128)
at java.util.ArrayList.forEach(ArrayList.java:1259)
at org.testng.TestRunner.privateRun(TestRunner.java:764)
at org.testng.TestRunner.run(TestRunner.java:585)
at org.testng.SuiteRunner.runTest(SuiteRunner.java:384)
at org.testng.SuiteRunner.runSequentially(SuiteRunner.java:378)
at org.testng.SuiteRunner.privateRun(SuiteRunner.java:337)
at org.testng.SuiteRunner.run(SuiteRunner.java:286)
at org.testng.SuiteRunnerWorker.runSuite(SuiteRunnerWorker.java:53)
at org.testng.SuiteRunnerWorker.run(SuiteRunnerWorker.java:96)
at org.testng.TestNG.runSuitesSequentially(TestNG.java:1218)
at org.testng.TestNG.runSuitesLocally(TestNG.java:1140)
at org.testng.TestNG.runSuites(TestNG.java:1069)
at org.testng.TestNG.run(TestNG.java:1037)
at org.testng.remote.AbstractRemoteTestNG.run(AbstractRemoteTestNG.java:115)
at org.testng.remote.RemoteTestNG.initAndRun(RemoteTestNG.java:251)
at org.testng.remote.RemoteTestNG.main(RemoteTestNG.java:77)
]]>
    </error>
  </testcase> <!-- test -->
  <system-out/>
</testsuite> <!-- AppiumEmulator.AndroidNativeAppBase -->
