<?xml version="1.0" encoding="UTF-8"?>
<!-- Generated by org.testng.reporters.JUnitReportReporter -->
<testsuite skipped="0" hostname="DESKTOP-VDH35U1" name="Scripts.AppiumFirstTestCase" tests="2" failures="0" timestamp="2021-11-24T23:03:55 GST" time="20.450" errors="0">
  <testcase name="SwagLabLogin" time="7.084" classname="Scripts.AppiumFirstTestCase"/>
  <system-out/>
  <testcase name="scrolling" time="13.366" classname="Scripts.AppiumFirstTestCase"/>
  <system-out/>
</testsuite> <!-- Scripts.AppiumFirstTestCase -->
