<?xml version="1.0" encoding="UTF-8"?>
<!-- Generated by org.testng.reporters.JUnitReportReporter -->
<testsuite hostname="idea-PC" failures="0" tests="4" name="Scripts.BaseClass" time="26.374" errors="0" timestamp="2021-06-14T09:55:02 GST" skipped="0">
  <testcase classname="Scripts.BaseClass" name="login" time="0.008"/>
  <system-out/>
  <testcase classname="Scripts.BaseClass" name="strlogin" time="3.454"/>
  <system-out/>
  <testcase classname="Scripts.BaseClass" name="pmyfirsttest" time="15.337"/>
  <system-out/>
  <testcase classname="Scripts.BaseClass" name="strGoogleSearch" time="7.575"/>
  <system-out/>
</testsuite> <!-- Scripts.BaseClass -->
