<?xml version="1.0" encoding="UTF-8"?>
<!-- Generated by org.testng.reporters.JUnitReportReporter -->
<testsuite skipped="0" hostname="DESKTOP-VDH35U1" name="AppiumEmulator.SwagLabsNativeApp" tests="1" failures="0" timestamp="2021-11-22T19:29:40 GST" time="21.818" errors="0">
  <testcase name="test" time="21.818" classname="AppiumEmulator.SwagLabsNativeApp"/>
  <system-out/>
</testsuite> <!-- AppiumEmulator.SwagLabsNativeApp -->
