<?xml version="1.0" encoding="UTF-8"?>
<!-- Generated by org.testng.reporters.JUnitReportReporter -->
<testsuite hostname="idea-PC" failures="0" tests="1" name="Scripts.Mainclass" time="0.390" errors="0" timestamp="2021-06-12T09:06:40 GST" skipped="0">
  <testcase classname="Scripts.Mainclass" name="logintoFacebook" time="0.390"/>
  <system-out/>
</testsuite> <!-- Scripts.Mainclass -->
