<?xml version="1.0" encoding="UTF-8"?>
<!-- Generated by org.testng.reporters.JUnitReportReporter -->
<testsuite hostname="DESKTOP-VDH35U1" failures="0" tests="2" name="DockerDemo.DockerDemo" time="42.667" errors="0" timestamp="2022-01-08T10:09:48 GST" skipped="0">
  <testcase classname="DockerDemo.DockerDemo" name="testchrome" time="12.961"/>
  <system-out/>
  <testcase classname="DockerDemo.DockerDemo" name="testff" time="29.706"/>
  <system-out/>
</testsuite> <!-- DockerDemo.DockerDemo -->
