<?xml version="1.0" encoding="UTF-8"?>
<!-- Generated by org.testng.reporters.JUnitReportReporter -->
<testsuite skipped="0" hostname="DESKTOP-VDH35U1" name="Scripts.Example" tests="1" failures="0" timestamp="2021-11-13T19:56:37 GST" time="0.018" errors="0">
  <testcase name="abc" time="0.018" classname="Scripts.Example"/>
  <system-out/>
</testsuite> <!-- Scripts.Example -->
