<?xml version="1.0" encoding="UTF-8"?>
<!-- Generated by org.testng.reporters.JUnitReportReporter -->
<testsuite hostname="idea-PC" failures="0" tests="1" name="Scripts.Practice" time="5.795" errors="0" timestamp="2021-06-12T08:07:17 GST" skipped="0">
  <testcase classname="Scripts.Practice" name="TakeScreenshot" time="5.795"/>
  <system-out/>
</testsuite> <!-- Scripts.Practice -->
